c:\c++\bankaccount\x64\debug\vc143.pdb
c:\c++\bankaccount\x64\debug\vc143.idb
c:\c++\bankaccount\x64\debug\withdraw.obj
c:\c++\bankaccount\x64\debug\push.obj
c:\c++\bankaccount\x64\debug\printaccount.obj
c:\c++\bankaccount\x64\debug\pop.obj
c:\c++\bankaccount\x64\debug\main.obj
c:\c++\bankaccount\x64\debug\isfull.obj
c:\c++\bankaccount\x64\debug\isempty.obj
c:\c++\bankaccount\x64\debug\deposit.obj
c:\c++\bankaccount\x64\debug\bankstack.obj
c:\c++\bankaccount\x64\debug\bankaccount.ilk
c:\c++\bankaccount\x64\debug\bankaccount.exe
c:\c++\bankaccount\x64\debug\bankaccount.pdb
c:\c++\bankaccount\x64\debug\bankaccount.tlog\cl.command.1.tlog
c:\c++\bankaccount\x64\debug\bankaccount.tlog\cl.items.tlog
c:\c++\bankaccount\x64\debug\bankaccount.tlog\cl.read.1.tlog
c:\c++\bankaccount\x64\debug\bankaccount.tlog\cl.write.1.tlog
c:\c++\bankaccount\x64\debug\bankaccount.tlog\link.command.1.tlog
c:\c++\bankaccount\x64\debug\bankaccount.tlog\link.read.1.tlog
c:\c++\bankaccount\x64\debug\bankaccount.tlog\link.write.1.tlog
